2025-04-15 23:18:46.445717 - Received CBT.V505.FILE677.PDS from FILE677.XMI 
2025-04-15 23:18:46.447124 - Found $$$#DATE.txt (text/plain) in CBT.V505.FILE677.PDS, moved to PDS/$$$#DATE
2025-04-15 23:18:46.447495 - Found $README.txt (text/plain) in CBT.V505.FILE677.PDS, moved to PDS/$README
2025-04-15 23:18:46.447555 - Found @FILE677.txt (text/plain) in CBT.V505.FILE677.PDS, moved to PDS/@FILE677
2025-04-15 23:18:46.448235 - Found EXEC.xmi (application/xmit) in CBT.V505.FILE677.PDS, moved to PDS/EXEC.xmi
2025-04-15 23:18:46.483456 - Received SSY.EXEC from EXEC.xmi 
2025-04-15 23:18:46.484382 - Found KSMCONS.rexx (text/plain) in SSY.EXEC, moved to EXEC/KSMCONS
2025-04-15 23:18:46.484902 - Found KSMMAIN.rexx (text/plain) in SSY.EXEC, moved to EXEC/KSMMAIN
2025-04-15 23:18:46.485112 - Found KSMPKG.rexx (text/plain) in SSY.EXEC, moved to EXEC/KSMPKG
2025-04-15 23:18:46.486003 - Found GML.xmi (application/xmit) in CBT.V505.FILE677.PDS, moved to PDS/GML.xmi
2025-04-15 23:18:46.532395 - Received SSY.GML from GML.xmi 
2025-04-15 23:18:46.533415 - Found KSMCDSN.txt (text/plain) in SSY.GML, moved to GML/KSMCDSN
2025-04-15 23:18:46.533724 - Found KSMPNAM.txt (text/plain) in SSY.GML, moved to GML/KSMPNAM
2025-04-15 23:18:46.534026 - Found KSMPRIM.txt (text/plain) in SSY.GML, moved to GML/KSMPRIM
2025-04-15 23:18:46.534332 - Found KSMPTYP.txt (text/plain) in SSY.GML, moved to GML/KSMPTYP
2025-04-15 23:18:46.534638 - Found KSMSDKP.txt (text/plain) in SSY.GML, moved to GML/KSMSDKP
2025-04-15 23:18:46.534943 - Found KSMSSIZ.txt (text/plain) in SSY.GML, moved to GML/KSMSSIZ
2025-04-15 23:18:46.535248 - Found KSMTYPE.txt (text/plain) in SSY.GML, moved to GML/KSMTYPE
2025-04-15 23:18:46.535764 - Found INSTALL.rexx (text/plain) in CBT.V505.FILE677.PDS, moved to PDS/INSTALL
2025-04-15 23:18:46.536087 - Found PANELS.xmi (application/xmit) in CBT.V505.FILE677.PDS, moved to PDS/PANELS.xmi
2025-04-15 23:18:46.547804 - Received SSY.PANELS from PANELS.xmi 
2025-04-15 23:18:46.548622 - Found KSMCDSN.bin (application/octet-stream) in SSY.PANELS, moved to PANELS/KSMCDSN
2025-04-15 23:18:46.548820 - Found KSMPNAM.bin (application/octet-stream) in SSY.PANELS, moved to PANELS/KSMPNAM
2025-04-15 23:18:46.549182 - Found KSMPRIM.bin (application/octet-stream) in SSY.PANELS, moved to PANELS/KSMPRIM
2025-04-15 23:18:46.549543 - Found KSMPTYP.bin (application/octet-stream) in SSY.PANELS, moved to PANELS/KSMPTYP
2025-04-15 23:18:46.549892 - Found KSMSDKP.bin (application/octet-stream) in SSY.PANELS, moved to PANELS/KSMSDKP
2025-04-15 23:18:46.550240 - Found KSMSSIZ.bin (application/octet-stream) in SSY.PANELS, moved to PANELS/KSMSSIZ
2025-04-15 23:18:46.550596 - Found KSMTYPE.bin (application/octet-stream) in SSY.PANELS, moved to PANELS/KSMTYPE
2025-04-15 23:18:46.551125 - Found SKELS.xmi (application/xmit) in CBT.V505.FILE677.PDS, moved to PDS/SKELS.xmi
2025-04-15 23:18:46.575034 - Received SSY.SKELS from SKELS.xmi 
2025-04-15 23:18:46.576057 - Found KSMDPOL.jcl (text/plain) in SSY.SKELS, moved to SKELS/KSMDPOL
2025-04-15 23:18:46.576280 - Found KSMNCDS.jcl (text/plain) in SSY.SKELS, moved to SKELS/KSMNCDS
2025-04-15 23:18:46.576513 - Found KSMNPOL.jcl (text/plain) in SSY.SKELS, moved to SKELS/KSMNPOL
2025-04-15 23:18:46.576859 - Found TABLES.xmi (application/xmit) in CBT.V505.FILE677.PDS, moved to PDS/TABLES.xmi
2025-04-15 23:18:46.581603 - Received SSY.TABLES from TABLES.xmi 
2025-04-15 23:18:46.582094 - Found KSMKEYS.bin (application/octet-stream) in SSY.TABLES, moved to TABLES/KSMKEYS
